[debug] [2021-04-17T12:06:49.072Z] ----------------------------------------------------------------------
[debug] [2021-04-17T12:06:49.074Z] Command:       C:\Program Files\nodejs\node.exe C:\Users\colin\AppData\Local\Yarn\Data\global\node_modules\firebase-tools\lib\bin\firebase.js init
[debug] [2021-04-17T12:06:49.075Z] CLI Version:   9.10.0
[debug] [2021-04-17T12:06:49.075Z] Platform:      win32
[debug] [2021-04-17T12:06:49.075Z] Node Version:  v14.16.1
[debug] [2021-04-17T12:06:49.076Z] Time:          Sat Apr 17 2021 13:06:49 GMT+0100 (Irish Standard Time)
[debug] [2021-04-17T12:06:49.076Z] ----------------------------------------------------------------------
[debug] 
[debug] [2021-04-17T12:06:49.088Z] > command requires scopes: ["email","openid","https://www.googleapis.com/auth/cloudplatformprojects.readonly","https://www.googleapis.com/auth/firebase","https://www.googleapis.com/auth/cloud-platform"]
[debug] [2021-04-17T12:06:49.088Z] > authorizing via signed-in user (colinmaher94@gmail.com)
[info] 
     ######## #### ########  ######## ########     ###     ######  ########
     ##        ##  ##     ## ##       ##     ##  ##   ##  ##       ##
     ######    ##  ########  ######   ########  #########  ######  ######
     ##        ##  ##    ##  ##       ##     ## ##     ##       ## ##
     ##       #### ##     ## ######## ########  ##     ##  ######  ########

You're about to initialize a Firebase project in this directory:

  C:\Projects\ogma

Before we get started, keep in mind:

  * You are currently outside your home directory
  * You are initializing in an existing Firebase project directory

